<?xml version="1.0" encoding="UTF-8"?>
<!-- Generated by org.testng.reporters.JUnitXMLReporter -->
<testsuite hostname="ANITAPC" ignored="2" name="Nop Commerce Tests" tests="1" failures="0" timestamp="18 Aug 2018 22:30:19 GMT" time="15.59" errors="0">
  <testcase name="wishListTest" time="2.864" classname="tests.WishListTests"/>
  <testcase name="cashTest" time="0.0" classname="tests.CheckoutTests">
    <ignored/>
  </testcase> <!-- cashTest -->
  <testcase name="creditTest" time="0.0" classname="tests.CheckoutTests">
    <ignored/>
  </testcase> <!-- creditTest -->
</testsuite> <!-- Nop Commerce Tests -->
